{"/home/priscila/projetos/test/test/my-code.js": {"path":"/home/priscila/projetos/test/test/my-code.js","statementMap":{"0":{"start":{"line":1,"column":13},"end":{"line":1,"column":36}},"1":{"start":{"line":1,"column":23},"end":{"line":1,"column":35}},"2":{"start":{"line":2,"column":18},"end":{"line":2,"column":41}},"3":{"start":{"line":2,"column":28},"end":{"line":2,"column":40}},"4":{"start":{"line":3,"column":16},"end":{"line":3,"column":39}},"5":{"start":{"line":3,"column":26},"end":{"line":3,"column":38}},"6":{"start":{"line":4,"column":22},"end":{"line":4,"column":45}},"7":{"start":{"line":4,"column":32},"end":{"line":4,"column":44}}},"fnMap":{"0":{"name":"(anonymous_0)","decl":{"start":{"line":1,"column":13},"end":{"line":1,"column":14}},"loc":{"start":{"line":1,"column":22},"end":{"line":1,"column":36}},"line":1},"1":{"name":"(anonymous_1)","decl":{"start":{"line":2,"column":18},"end":{"line":2,"column":19}},"loc":{"start":{"line":2,"column":27},"end":{"line":2,"column":41}},"line":2},"2":{"name":"(anonymous_2)","decl":{"start":{"line":3,"column":16},"end":{"line":3,"column":17}},"loc":{"start":{"line":3,"column":25},"end":{"line":3,"column":39}},"line":3},"3":{"name":"(anonymous_3)","decl":{"start":{"line":4,"column":22},"end":{"line":4,"column":23}},"loc":{"start":{"line":4,"column":31},"end":{"line":4,"column":45}},"line":4}},"branchMap":{},"s":{"0":1,"1":3,"2":1,"3":3,"4":1,"5":3,"6":1,"7":3},"f":{"0":3,"1":3,"2":3,"3":3},"b":{},"_coverageSchema":"1a1c01bbd47fc00a2c39e90264f33305004495a9","hash":"29a1902396b631a29cbcc81c993459b19fb5676e"}
}
